<?xml version="1.0" encoding="UTF-8"?>
<testsuite xmlns:xsi="http://www.w3.org/2001/XMLSchema-instance" xsi:noNamespaceSchemaLocation="https://maven.apache.org/surefire/maven-surefire-plugin/xsd/surefire-test-report-3.0.xsd" version="3.0" name="AppTest" time="0.4" tests="1" errors="0" skipped="0" failures="0">
  <properties>
    <property name="java.specification.version" value="17"/>
    <property name="sun.cpu.isalist" value="amd64"/>
    <property name="sun.jnu.encoding" value="Cp1252"/>
    <property name="java.class.path" value="C:\Users\FISPECKT\OneDrive\Desktop\Java\IT_M\spring-core\target\test-classes;C:\Users\FISPECKT\OneDrive\Desktop\Java\IT_M\spring-core\target\classes;C:\Users\FISPECKT\.m2\repository\org\springframework\spring-context\5.3.14\spring-context-5.3.14.jar;C:\Users\FISPECKT\.m2\repository\org\springframework\spring-aop\5.3.14\spring-aop-5.3.14.jar;C:\Users\FISPECKT\.m2\repository\org\springframework\spring-beans\5.3.14\spring-beans-5.3.14.jar;C:\Users\FISPECKT\.m2\repository\org\springframework\spring-core\5.3.14\spring-core-5.3.14.jar;C:\Users\FISPECKT\.m2\repository\org\springframework\spring-jcl\5.3.14\spring-jcl-5.3.14.jar;C:\Users\FISPECKT\.m2\repository\org\springframework\spring-expression\5.3.14\spring-expression-5.3.14.jar;C:\Users\FISPECKT\.m2\repository\org\springframework\spring-test\5.3.14\spring-test-5.3.14.jar;C:\Users\FISPECKT\.m2\repository\org\scalatestplus\junit-4-12_2.13\3.1.1.0\junit-4-12_2.13-3.1.1.0.jar;C:\Users\FISPECKT\.m2\repository\org\scala-lang\scala-library\2.13.1\scala-library-2.13.1.jar;C:\Users\FISPECKT\.m2\repository\org\scalatest\scalatest_2.13\3.1.1\scalatest_2.13-3.1.1.jar;C:\Users\FISPECKT\.m2\repository\org\scalactic\scalactic_2.13\3.1.1\scalactic_2.13-3.1.1.jar;C:\Users\FISPECKT\.m2\repository\org\scala-lang\scala-reflect\2.13.1\scala-reflect-2.13.1.jar;C:\Users\FISPECKT\.m2\repository\org\scala-lang\modules\scala-xml_2.13\1.2.0\scala-xml_2.13-1.2.0.jar;C:\Users\FISPECKT\.m2\repository\junit\junit\4.12\junit-4.12.jar;C:\Users\FISPECKT\.m2\repository\org\hamcrest\hamcrest-core\1.3\hamcrest-core-1.3.jar;"/>
    <property name="java.vm.vendor" value="BellSoft"/>
    <property name="sun.arch.data.model" value="64"/>
    <property name="user.variant" value=""/>
    <property name="java.vendor.url" value="https://bell-sw.com/"/>
    <property name="user.timezone" value="Asia/Almaty"/>
    <property name="os.name" value="Windows 11"/>
    <property name="java.vm.specification.version" value="17"/>
    <property name="sun.java.launcher" value="SUN_STANDARD"/>
    <property name="user.country" value="US"/>
    <property name="sun.boot.library.path" value="C:\Program Files\BellSoft\LibericaJDK-17\bin"/>
    <property name="sun.java.command" value="C:\Users\FISPECKT\AppData\Local\Temp\surefire5414018937679869350\surefirebooter-20240813130250066_3.jar C:\Users\FISPECKT\AppData\Local\Temp\surefire5414018937679869350 2024-08-13T13-02-49_888-jvmRun1 surefire-20240813130250066_1tmp surefire_0-20240813130250066_2tmp"/>
    <property name="jdk.debug" value="release"/>
    <property name="surefire.test.class.path" value="C:\Users\FISPECKT\OneDrive\Desktop\Java\IT_M\spring-core\target\test-classes;C:\Users\FISPECKT\OneDrive\Desktop\Java\IT_M\spring-core\target\classes;C:\Users\FISPECKT\.m2\repository\org\springframework\spring-context\5.3.14\spring-context-5.3.14.jar;C:\Users\FISPECKT\.m2\repository\org\springframework\spring-aop\5.3.14\spring-aop-5.3.14.jar;C:\Users\FISPECKT\.m2\repository\org\springframework\spring-beans\5.3.14\spring-beans-5.3.14.jar;C:\Users\FISPECKT\.m2\repository\org\springframework\spring-core\5.3.14\spring-core-5.3.14.jar;C:\Users\FISPECKT\.m2\repository\org\springframework\spring-jcl\5.3.14\spring-jcl-5.3.14.jar;C:\Users\FISPECKT\.m2\repository\org\springframework\spring-expression\5.3.14\spring-expression-5.3.14.jar;C:\Users\FISPECKT\.m2\repository\org\springframework\spring-test\5.3.14\spring-test-5.3.14.jar;C:\Users\FISPECKT\.m2\repository\org\scalatestplus\junit-4-12_2.13\3.1.1.0\junit-4-12_2.13-3.1.1.0.jar;C:\Users\FISPECKT\.m2\repository\org\scala-lang\scala-library\2.13.1\scala-library-2.13.1.jar;C:\Users\FISPECKT\.m2\repository\org\scalatest\scalatest_2.13\3.1.1\scalatest_2.13-3.1.1.jar;C:\Users\FISPECKT\.m2\repository\org\scalactic\scalactic_2.13\3.1.1\scalactic_2.13-3.1.1.jar;C:\Users\FISPECKT\.m2\repository\org\scala-lang\scala-reflect\2.13.1\scala-reflect-2.13.1.jar;C:\Users\FISPECKT\.m2\repository\org\scala-lang\modules\scala-xml_2.13\1.2.0\scala-xml_2.13-1.2.0.jar;C:\Users\FISPECKT\.m2\repository\junit\junit\4.12\junit-4.12.jar;C:\Users\FISPECKT\.m2\repository\org\hamcrest\hamcrest-core\1.3\hamcrest-core-1.3.jar;"/>
    <property name="sun.cpu.endian" value="little"/>
    <property name="user.home" value="C:\Users\FISPECKT"/>
    <property name="user.language" value="en"/>
    <property name="java.specification.vendor" value="Oracle Corporation"/>
    <property name="java.version.date" value="2024-04-16"/>
    <property name="java.home" value="C:\Program Files\BellSoft\LibericaJDK-17"/>
    <property name="file.separator" value="\"/>
    <property name="basedir" value="C:\Users\FISPECKT\OneDrive\Desktop\Java\IT_M\spring-core"/>
    <property name="java.vm.compressedOopsMode" value="Zero based"/>
    <property name="line.separator" value="&#10;"/>
    <property name="java.vm.specification.vendor" value="Oracle Corporation"/>
    <property name="java.specification.name" value="Java Platform API Specification"/>
    <property name="surefire.real.class.path" value="C:\Users\FISPECKT\AppData\Local\Temp\surefire5414018937679869350\surefirebooter-20240813130250066_3.jar"/>
    <property name="user.script" value=""/>
    <property name="sun.management.compiler" value="HotSpot 64-Bit Tiered Compilers"/>
    <property name="java.runtime.version" value="17.0.11+12-LTS"/>
    <property name="user.name" value="FISPECKT"/>
    <property name="path.separator" value=";"/>
    <property name="os.version" value="10.0"/>
    <property name="java.runtime.name" value="OpenJDK Runtime Environment"/>
    <property name="file.encoding" value="Cp1252"/>
    <property name="java.vm.name" value="OpenJDK 64-Bit Server VM"/>
    <property name="localRepository" value="C:\Users\FISPECKT\.m2\repository"/>
    <property name="java.vendor.url.bug" value="https://bell-sw.com/support"/>
    <property name="java.io.tmpdir" value="C:\Users\FISPECKT\AppData\Local\Temp\"/>
    <property name="idea.version" value="2024.1"/>
    <property name="java.version" value="17.0.11"/>
    <property name="user.dir" value="C:\Users\FISPECKT\OneDrive\Desktop\Java\IT_M\spring-core"/>
    <property name="os.arch" value="amd64"/>
    <property name="java.vm.specification.name" value="Java Virtual Machine Specification"/>
    <property name="sun.os.patch.level" value=""/>
    <property name="native.encoding" value="Cp1252"/>
    <property name="java.library.path" value="C:\Program Files\BellSoft\LibericaJDK-17\bin;C:\Windows\Sun\Java\bin;C:\Windows\system32;C:\Windows;C:\Program Files\BellSoft\LibericaJDK-17\bin\;C:\Program Files (x86)\Windows Resource Kits\Tools\;C:\ProgramData\Oracle\Java\javapath;C:\Program Files\Common Files\Oracle\Java\javapath;C:\Windows\system32;C:\Windows;C:\Windows\System32\Wbem;C:\Windows\System32\WindowsPowerShell\v1.0\;C:\Windows\System32\OpenSSH\;C:\Program Files\NVIDIA Corporation\NVIDIA NvDLISR;C:\Program Files (x86)\NVIDIA Corporation\PhysX\Common;C:\Program Files (x86)\AMD\ATI.ACE\Core-Static;C:\Program Files\Sublime Text 3;C:\Program Files (x86)\dotnet\;C:\Program Files\Docker\Docker\resources;C:\Program Files\Java\jdk-17.0.1\bin;C:\Program Files\PostgreSQL\16\bin;C:\Users\FISPECKT\OneDrive\Desktop\Java\java_project\tools\apache-maven-3.9.6\bin;C:\Program Files\Docker\Docker\resources\bin;C:\Program Files\Git\cmd;C:\Users\FISPECKT\AppData\Local\Programs\Python\Python312\Scripts\;C:\Users\FISPECKT\AppData\Local\Programs\Python\Python312\;C:\Users\FISPECKT\AppData\Local\Microsoft\WindowsApps;C:\Program Files\JetBrains\IntelliJ IDEA 2022.1.3\bin;;C:\Users\FISPECKT\AppData\Local\Programs\Microsoft VS Code\bin;C:\Program Files\Azure Data Studio\bin;C:\Program Files\PostgreSQL\15\bin;C:\Program Files\Java\jdk-20\bin;C:\Users\FISPECKT\AppData\Local\GitHubDesktop\bin;C:\Program Files\liquibase;."/>
    <property name="java.vm.info" value="mixed mode, sharing"/>
    <property name="java.vendor" value="BellSoft"/>
    <property name="java.vm.version" value="17.0.11+12-LTS"/>
    <property name="sun.io.unicode.encoding" value="UnicodeLittle"/>
    <property name="java.class.version" value="61.0"/>
  </properties>
  <testcase name="mainTest" classname="AppTest" time="0.007">
    <system-err><![CDATA[Aug 13, 2024 1:02:50 PM org.springframework.test.context.support.AbstractTestContextBootstrapper getDefaultTestExecutionListenerClassNames
INFO: Loaded default TestExecutionListener class names from location [META-INF/spring.factories]: [org.springframework.test.context.web.ServletTestExecutionListener, org.springframework.test.context.support.DirtiesContextBeforeModesTestExecutionListener, org.springframework.test.context.event.ApplicationEventsTestExecutionListener, org.springframework.test.context.support.DependencyInjectionTestExecutionListener, org.springframework.test.context.support.DirtiesContextTestExecutionListener, org.springframework.test.context.transaction.TransactionalTestExecutionListener, org.springframework.test.context.jdbc.SqlScriptsTestExecutionListener, org.springframework.test.context.event.EventPublishingTestExecutionListener]
Aug 13, 2024 1:02:50 PM org.springframework.test.context.support.AbstractTestContextBootstrapper getTestExecutionListeners
INFO: Using TestExecutionListeners: [org.springframework.test.context.support.DirtiesContextBeforeModesTestExecutionListener@71c8becc, org.springframework.test.context.event.ApplicationEventsTestExecutionListener@19d37183, org.springframework.test.context.support.DependencyInjectionTestExecutionListener@1a0dcaa, org.springframework.test.context.support.DirtiesContextTestExecutionListener@3bd40a57, org.springframework.test.context.event.EventPublishingTestExecutionListener@fdefd3f]
]]></system-err>
  </testcase>
</testsuite>